::1 - - [18/Feb/2024:20:46:06 +0200] "GET / HTTP/1.1" 200 -
::1 - - [18/Feb/2024:20:46:06 +0200] "GET /favicon.ico HTTP/1.1" 404 298
::1 - - [18/Feb/2024:20:46:37 +0200] "GET / HTTP/1.1" 200 17
::1 - - [18/Feb/2024:21:04:50 +0200] "GET / HTTP/1.1" 200 3054
::1 - - [18/Feb/2024:21:04:50 +0200] "GET /css/site.css HTTP/1.1" 200 -
::1 - - [18/Feb/2024:21:04:50 +0200] "GET /js/site.js HTTP/1.1" 200 -
::1 - - [18/Feb/2024:21:07:27 +0200] "GET / HTTP/1.1" 200 3054
::1 - - [18/Feb/2024:21:07:27 +0200] "GET /css/site.css HTTP/1.1" 200 -
::1 - - [18/Feb/2024:21:07:27 +0200] "GET /js/site.js HTTP/1.1" 200 28
::1 - - [18/Feb/2024:21:07:30 +0200] "GET /css/site.css HTTP/1.1" 200 -
::1 - - [18/Feb/2024:21:07:48 +0200] "GET / HTTP/1.1" 200 3054
::1 - - [18/Feb/2024:21:07:48 +0200] "GET /css/site.css HTTP/1.1" 200 -
::1 - - [18/Feb/2024:21:07:48 +0200] "GET /js/site.js HTTP/1.1" 200 28
::1 - - [18/Feb/2024:21:17:28 +0200] "GET / HTTP/1.1" 200 2828
::1 - - [18/Feb/2024:21:17:28 +0200] "GET /css/site.css HTTP/1.1" 200 -
::1 - - [18/Feb/2024:21:17:28 +0200] "GET /js/site.js HTTP/1.1" 200 28
::1 - - [18/Feb/2024:21:18:04 +0200] "GET / HTTP/1.1" 200 2821
::1 - - [18/Feb/2024:21:18:04 +0200] "GET /css/site.css HTTP/1.1" 200 -
::1 - - [18/Feb/2024:21:18:04 +0200] "GET /js/site.js HTTP/1.1" 200 28
::1 - - [18/Feb/2024:21:25:26 +0200] "GET / HTTP/1.1" 200 3369
::1 - - [18/Feb/2024:21:25:26 +0200] "GET /css/site.css HTTP/1.1" 200 -
::1 - - [18/Feb/2024:21:25:26 +0200] "GET /js/site.js HTTP/1.1" 200 197
::1 - - [18/Feb/2024:21:25:31 +0200] "GET /css/site.css HTTP/1.1" 200 -
::1 - - [18/Feb/2024:21:26:54 +0200] "GET / HTTP/1.1" 200 3369
::1 - - [18/Feb/2024:21:26:54 +0200] "GET /css/site.css HTTP/1.1" 200 -
::1 - - [18/Feb/2024:21:26:54 +0200] "GET /js/site.js HTTP/1.1" 200 295
::1 - - [18/Feb/2024:21:27:20 +0200] "GET /signup HTTP/1.1" 200 3732
::1 - - [18/Feb/2024:21:27:20 +0200] "GET /css/site.css HTTP/1.1" 200 -
::1 - - [18/Feb/2024:21:27:20 +0200] "GET /js/site.js HTTP/1.1" 200 295
::1 - - [18/Feb/2024:21:29:10 +0200] "GET /signup HTTP/1.1" 200 10377
::1 - - [18/Feb/2024:21:29:10 +0200] "GET /css/site.css HTTP/1.1" 200 -
::1 - - [18/Feb/2024:21:29:10 +0200] "GET /js/site.js HTTP/1.1" 200 295
::1 - - [18/Feb/2024:21:29:15 +0200] "GET / HTTP/1.1" 200 3369
::1 - - [18/Feb/2024:21:29:15 +0200] "GET /css/site.css HTTP/1.1" 200 -
::1 - - [18/Feb/2024:21:29:15 +0200] "GET /js/site.js HTTP/1.1" 200 295
::1 - - [18/Feb/2024:21:29:18 +0200] "GET /signup HTTP/1.1" 200 10377
::1 - - [18/Feb/2024:21:29:18 +0200] "GET /css/site.css HTTP/1.1" 200 -
::1 - - [18/Feb/2024:21:29:18 +0200] "GET /js/site.js HTTP/1.1" 200 295
::1 - - [18/Feb/2024:21:30:27 +0200] "GET /badges.html HTTP/1.1" 200 21
::1 - - [18/Feb/2024:21:30:31 +0200] "GET /css/site.css HTTP/1.1" 200 -
::1 - - [18/Feb/2024:21:30:33 +0200] "GET / HTTP/1.1" 200 3369
::1 - - [18/Feb/2024:21:30:33 +0200] "GET /css/site.css HTTP/1.1" 200 -
::1 - - [18/Feb/2024:21:30:33 +0200] "GET /js/site.js HTTP/1.1" 200 295
::1 - - [18/Feb/2024:21:30:34 +0200] "GET / HTTP/1.1" 200 3369
::1 - - [18/Feb/2024:21:30:34 +0200] "GET /css/site.css HTTP/1.1" 200 -
::1 - - [18/Feb/2024:21:30:34 +0200] "GET /js/site.js HTTP/1.1" 200 295
::1 - - [18/Feb/2024:21:32:15 +0200] "GET / HTTP/1.1" 200 3502
::1 - - [18/Feb/2024:21:32:15 +0200] "GET /css/site.css HTTP/1.1" 200 -
::1 - - [18/Feb/2024:21:32:15 +0200] "GET /js/site.js HTTP/1.1" 200 295
::1 - - [18/Feb/2024:21:32:30 +0200] "GET / HTTP/1.1" 200 3502
::1 - - [18/Feb/2024:21:32:30 +0200] "GET /css/site.css HTTP/1.1" 200 -
::1 - - [18/Feb/2024:21:32:30 +0200] "GET /js/site.js HTTP/1.1" 200 295
::1 - - [18/Feb/2024:21:32:30 +0200] "GET / HTTP/1.1" 200 3502
::1 - - [18/Feb/2024:21:32:30 +0200] "GET /css/site.css HTTP/1.1" 200 -
::1 - - [18/Feb/2024:21:32:30 +0200] "GET /js/site.js HTTP/1.1" 200 295
::1 - - [18/Feb/2024:21:32:32 +0200] "GET /sass.html HTTP/1.1" 200 19
::1 - - [18/Feb/2024:21:32:34 +0200] "GET /css/site.css HTTP/1.1" 200 -
::1 - - [18/Feb/2024:21:32:42 +0200] "GET / HTTP/1.1" 200 3502
::1 - - [18/Feb/2024:21:32:42 +0200] "GET /css/site.css HTTP/1.1" 200 -
::1 - - [18/Feb/2024:21:32:42 +0200] "GET /js/site.js HTTP/1.1" 200 295
::1 - - [18/Feb/2024:21:33:07 +0200] "GET / HTTP/1.1" 200 3510
::1 - - [18/Feb/2024:21:33:07 +0200] "GET /css/site.css HTTP/1.1" 200 -
::1 - - [18/Feb/2024:21:33:07 +0200] "GET /js/site.js HTTP/1.1" 200 295
::1 - - [18/Feb/2024:21:33:09 +0200] "GET /sass.html HTTP/1.1" 200 19
::1 - - [18/Feb/2024:21:33:49 +0200] "GET /css/site.css HTTP/1.1" 200 -
::1 - - [18/Feb/2024:21:33:50 +0200] "GET / HTTP/1.1" 200 3422
::1 - - [18/Feb/2024:21:33:50 +0200] "GET /css/site.css HTTP/1.1" 200 -
::1 - - [18/Feb/2024:21:33:50 +0200] "GET /js/site.js HTTP/1.1" 200 295
::1 - - [18/Feb/2024:21:34:56 +0200] "GET / HTTP/1.1" 200 3444
::1 - - [18/Feb/2024:21:34:56 +0200] "GET /css/site.css HTTP/1.1" 200 -
::1 - - [18/Feb/2024:21:34:56 +0200] "GET /js/site.js HTTP/1.1" 200 295
::1 - - [18/Feb/2024:21:35:41 +0200] "GET / HTTP/1.1" 200 3492
::1 - - [18/Feb/2024:21:35:41 +0200] "GET /css/site.css HTTP/1.1" 200 -
::1 - - [18/Feb/2024:21:35:41 +0200] "GET /js/site.js HTTP/1.1" 200 295
::1 - - [18/Feb/2024:21:35:51 +0200] "GET /signup HTTP/1.1" 200 10500
::1 - - [18/Feb/2024:21:35:51 +0200] "GET /css/site.css HTTP/1.1" 200 -
::1 - - [18/Feb/2024:21:35:51 +0200] "GET /js/site.js HTTP/1.1" 200 295
::1 - - [18/Feb/2024:21:37:07 +0200] "GET /signup HTTP/1.1" 200 10507
::1 - - [18/Feb/2024:21:37:07 +0200] "GET /css/site.css HTTP/1.1" 200 -
::1 - - [18/Feb/2024:21:37:07 +0200] "GET /js/site.js HTTP/1.1" 200 295
::1 - - [18/Feb/2024:21:37:09 +0200] "GET / HTTP/1.1" 200 3514
::1 - - [18/Feb/2024:21:37:09 +0200] "GET /css/site.css HTTP/1.1" 200 -
::1 - - [18/Feb/2024:21:37:09 +0200] "GET /js/site.js HTTP/1.1" 200 295
::1 - - [18/Feb/2024:21:37:17 +0200] "GET /signup HTTP/1.1" 200 10507
::1 - - [18/Feb/2024:21:37:17 +0200] "GET /css/site.css HTTP/1.1" 200 -
::1 - - [18/Feb/2024:21:37:17 +0200] "GET /js/site.js HTTP/1.1" 200 295
::1 - - [18/Feb/2024:21:37:28 +0200] "GET /signup HTTP/1.1" 200 10507
::1 - - [18/Feb/2024:21:37:28 +0200] "GET /css/site.css HTTP/1.1" 200 -
::1 - - [18/Feb/2024:21:37:28 +0200] "GET /js/site.js HTTP/1.1" 200 295
::1 - - [18/Feb/2024:21:37:52 +0200] "GET / HTTP/1.1" 200 3514
::1 - - [18/Feb/2024:21:37:52 +0200] "GET /css/site.css HTTP/1.1" 200 -
::1 - - [18/Feb/2024:21:37:52 +0200] "GET /js/site.js HTTP/1.1" 200 295
::1 - - [18/Feb/2024:21:42:04 +0200] "GET / HTTP/1.1" 200 3783
::1 - - [18/Feb/2024:21:42:04 +0200] "GET /css/site.css HTTP/1.1" 200 -
::1 - - [18/Feb/2024:21:42:04 +0200] "GET /js/site.js HTTP/1.1" 200 295
::1 - - [18/Feb/2024:21:42:05 +0200] "GET / HTTP/1.1" 200 3783
::1 - - [18/Feb/2024:21:42:05 +0200] "GET /css/site.css HTTP/1.1" 200 -
::1 - - [18/Feb/2024:21:42:05 +0200] "GET /js/site.js HTTP/1.1" 200 295
::1 - - [18/Feb/2024:21:42:11 +0200] "GET /css/site.css HTTP/1.1" 200 -
::1 - - [18/Feb/2024:21:42:24 +0200] "GET /signup HTTP/1.1" 200 10507
::1 - - [18/Feb/2024:21:42:24 +0200] "GET /css/site.css HTTP/1.1" 200 -
::1 - - [18/Feb/2024:21:42:24 +0200] "GET /js/site.js HTTP/1.1" 200 295
::1 - - [18/Feb/2024:21:42:40 +0200] "GET /signup HTTP/1.1" 200 10507
::1 - - [18/Feb/2024:21:42:40 +0200] "GET /css/site.css HTTP/1.1" 200 -
::1 - - [18/Feb/2024:21:42:40 +0200] "GET /js/site.js HTTP/1.1" 200 295
::1 - - [18/Feb/2024:21:43:57 +0200] "GET /signup HTTP/1.1" 200 10507
::1 - - [18/Feb/2024:21:43:57 +0200] "GET /css/site.css HTTP/1.1" 200 -
::1 - - [18/Feb/2024:21:43:57 +0200] "GET /js/site.js HTTP/1.1" 200 295
::1 - - [18/Feb/2024:21:43:59 +0200] "GET / HTTP/1.1" 200 3873
::1 - - [18/Feb/2024:21:43:59 +0200] "GET /css/site.css HTTP/1.1" 200 -
::1 - - [18/Feb/2024:21:43:59 +0200] "GET /js/site.js HTTP/1.1" 200 295
::1 - - [18/Feb/2024:21:46:00 +0200] "GET / HTTP/1.1" 200 3872
::1 - - [18/Feb/2024:21:46:00 +0200] "GET /css/site.css HTTP/1.1" 200 -
::1 - - [18/Feb/2024:21:46:00 +0200] "GET /js/site.js HTTP/1.1" 200 295
::1 - - [18/Feb/2024:21:46:05 +0200] "GET /signup HTTP/1.1" 200 10507
::1 - - [18/Feb/2024:21:46:05 +0200] "GET /css/site.css HTTP/1.1" 200 -
::1 - - [18/Feb/2024:21:46:05 +0200] "GET /js/site.js HTTP/1.1" 200 295
::1 - - [18/Feb/2024:21:46:08 +0200] "GET / HTTP/1.1" 200 3872
::1 - - [18/Feb/2024:21:46:08 +0200] "GET /css/site.css HTTP/1.1" 200 -
::1 - - [18/Feb/2024:21:46:08 +0200] "GET /js/site.js HTTP/1.1" 200 295
::1 - - [18/Feb/2024:22:05:24 +0200] "GET /signup HTTP/1.1" 200 10507
::1 - - [18/Feb/2024:22:05:24 +0200] "GET /css/site.css HTTP/1.1" 200 -
::1 - - [18/Feb/2024:22:05:24 +0200] "GET /js/site.js HTTP/1.1" 200 295
