[Sun Feb 18 21:27:20.049766 2024] [php:warn] [pid 3344:tid 1944] [client ::1:65021] PHP Warning:  include(signup.php): Failed to open stream: No such file or directory in C:\\Users\\ADunaev\\source\\repos\\GetRatePHP\\_layout.php on line 40, referer: http://get-rate.loc/
[Sun Feb 18 21:27:20.049766 2024] [php:warn] [pid 3344:tid 1944] [client ::1:65021] PHP Warning:  include(): Failed opening 'signup.php' for inclusion (include_path='C:\\xampp\\php\\PEAR') in C:\\Users\\ADunaev\\source\\repos\\GetRatePHP\\_layout.php on line 40, referer: http://get-rate.loc/
[Mon Feb 19 00:11:46.889945 2024] [php:warn] [pid 3344:tid 1980] [client ::1:56658] PHP Warning:  include(api.php): Failed to open stream: No such file or directory in C:\\Users\\ADunaev\\source\\repos\\GetRatePHP\\_layout.php on line 43, referer: http://get-rate.loc/
[Mon Feb 19 00:11:46.889945 2024] [php:warn] [pid 3344:tid 1980] [client ::1:56658] PHP Warning:  include(): Failed opening 'api.php' for inclusion (include_path='C:\\xampp\\php\\PEAR') in C:\\Users\\ADunaev\\source\\repos\\GetRatePHP\\_layout.php on line 43, referer: http://get-rate.loc/
[Mon Feb 19 23:09:09.321178 2024] [php:error] [pid 25896:tid 1892] [client ::1:59870] PHP Parse error:  syntax error, unexpected string content "", expecting "-" or identifier or variable or number in C:\\Users\\ADunaev\\source\\repos\\GetRatePHP\\controllers\\AuthController.php on line 87, referer: http://get-rate.loc/signup
[Tue Feb 20 16:20:44.927484 2024] [php:error] [pid 20112:tid 1912] [client ::1:61257] PHP Fatal error:  Uncaught ArgumentCountError: Too few arguments to function AuthController::do_get(), 0 passed in C:\\Users\\ADunaev\\source\\repos\\GetRatePHP\\controllers\\ApiController.php on line 10 and exactly 2 expected in C:\\Users\\ADunaev\\source\\repos\\GetRatePHP\\controllers\\AuthController.php:7\nStack trace:\n#0 C:\\Users\\ADunaev\\source\\repos\\GetRatePHP\\controllers\\ApiController.php(10): AuthController->do_get()\n#1 C:\\Users\\ADunaev\\source\\repos\\GetRatePHP\\access_manager.php(76): ApiController->serve()\n#2 {main}\n  thrown in C:\\Users\\ADunaev\\source\\repos\\GetRatePHP\\controllers\\AuthController.php on line 7, referer: http://get-rate.loc/
[Wed Feb 21 14:05:58.763537 2024] [php:warn] [pid 20112:tid 1904] [client ::1:50704] PHP Warning:  Undefined variable $filename in C:\\Users\\ADunaev\\source\\repos\\GetRatePHP\\controllers\\AuthController.php on line 83, referer: http://get-rate.loc/signup
[Wed Feb 21 14:06:33.776364 2024] [php:warn] [pid 20112:tid 1904] [client ::1:50723] PHP Warning:  Undefined variable $filename in C:\\Users\\ADunaev\\source\\repos\\GetRatePHP\\controllers\\AuthController.php on line 83, referer: http://get-rate.loc/signup
[Wed Feb 21 20:24:38.121513 2024] [php:error] [pid 20112:tid 1836] [client ::1:65002] PHP Parse error:  syntax error, unexpected identifier "exception", expecting ")" in C:\\Users\\ADunaev\\source\\repos\\GetRatePHP\\controllers\\AuthController.php on line 23, referer: http://get-rate.loc/signup
[Wed Feb 21 20:26:46.313482 2024] [php:error] [pid 20112:tid 1884] [client ::1:65084] PHP Fatal error:  Uncaught Error: Cannot use object of type PDOStatement as array in C:\\Users\\ADunaev\\source\\repos\\GetRatePHP\\controllers\\AuthController.php:21\nStack trace:\n#0 C:\\Users\\ADunaev\\source\\repos\\GetRatePHP\\controllers\\ApiController.php(10): AuthController->do_get()\n#1 C:\\Users\\ADunaev\\source\\repos\\GetRatePHP\\access_manager.php(76): ApiController->serve()\n#2 {main}\n  thrown in C:\\Users\\ADunaev\\source\\repos\\GetRatePHP\\controllers\\AuthController.php on line 21, referer: http://get-rate.loc/
[Wed Feb 21 20:29:56.562542 2024] [php:warn] [pid 20112:tid 1836] [client ::1:65200] PHP Warning:  Undefined array key "email" in C:\\Users\\ADunaev\\source\\repos\\GetRatePHP\\controllers\\AuthController.php on line 22, referer: http://get-rate.loc/
[Wed Feb 21 20:29:56.562542 2024] [php:warn] [pid 20112:tid 1836] [client ::1:65200] PHP Warning:  Undefined array key "name" in C:\\Users\\ADunaev\\source\\repos\\GetRatePHP\\controllers\\AuthController.php on line 22, referer: http://get-rate.loc/
[Wed Feb 21 20:30:55.036908 2024] [php:warn] [pid 20112:tid 1884] [client ::1:65234] PHP Warning:  Array to string conversion in C:\\Users\\ADunaev\\source\\repos\\GetRatePHP\\controllers\\AuthController.php on line 22, referer: http://get-rate.loc/
[Wed Feb 21 20:39:23.739641 2024] [php:warn] [pid 20112:tid 1836] [client ::1:49216] PHP Warning:  Undefined array key 0 in C:\\Users\\ADunaev\\source\\repos\\GetRatePHP\\controllers\\AuthController.php on line 23, referer: http://get-rate.loc/
[Wed Feb 21 20:39:23.739641 2024] [php:warn] [pid 20112:tid 1836] [client ::1:49216] PHP Warning:  Trying to access array offset on value of type null in C:\\Users\\ADunaev\\source\\repos\\GetRatePHP\\controllers\\AuthController.php on line 23, referer: http://get-rate.loc/
[Wed Feb 21 20:47:39.940908 2024] [php:error] [pid 20112:tid 1884] [client ::1:51151] PHP Fatal error:  Uncaught Error: Undefined constant "console" in C:\\Users\\ADunaev\\source\\repos\\GetRatePHP\\controllers\\AuthController.php:21\nStack trace:\n#0 C:\\Users\\ADunaev\\source\\repos\\GetRatePHP\\controllers\\ApiController.php(10): AuthController->do_get()\n#1 C:\\Users\\ADunaev\\source\\repos\\GetRatePHP\\access_manager.php(76): ApiController->serve()\n#2 {main}\n  thrown in C:\\Users\\ADunaev\\source\\repos\\GetRatePHP\\controllers\\AuthController.php on line 21, referer: http://get-rate.loc/
[Wed Feb 21 20:48:30.992009 2024] [php:error] [pid 20112:tid 1836] [client ::1:52513] PHP Fatal error:  Uncaught Error: Object of class PDOStatement could not be converted to string in C:\\Users\\ADunaev\\source\\repos\\GetRatePHP\\controllers\\AuthController.php:21\nStack trace:\n#0 C:\\Users\\ADunaev\\source\\repos\\GetRatePHP\\controllers\\ApiController.php(10): AuthController->do_get()\n#1 C:\\Users\\ADunaev\\source\\repos\\GetRatePHP\\access_manager.php(76): ApiController->serve()\n#2 {main}\n  thrown in C:\\Users\\ADunaev\\source\\repos\\GetRatePHP\\controllers\\AuthController.php on line 21, referer: http://get-rate.loc/
[Wed Feb 21 20:51:49.396638 2024] [php:error] [pid 20112:tid 1884] [client ::1:52700] PHP Fatal error:  Uncaught Error: Call to undefined function mysql_fetch_array() in C:\\Users\\ADunaev\\source\\repos\\GetRatePHP\\controllers\\AuthController.php:21\nStack trace:\n#0 C:\\Users\\ADunaev\\source\\repos\\GetRatePHP\\controllers\\ApiController.php(10): AuthController->do_get()\n#1 C:\\Users\\ADunaev\\source\\repos\\GetRatePHP\\access_manager.php(76): ApiController->serve()\n#2 {main}\n  thrown in C:\\Users\\ADunaev\\source\\repos\\GetRatePHP\\controllers\\AuthController.php on line 21, referer: http://get-rate.loc/
[Wed Feb 21 20:55:09.013378 2024] [php:error] [pid 20112:tid 1836] [client ::1:52863] PHP Fatal error:  Uncaught Error: Call to undefined function mysql_fetch_object() in C:\\Users\\ADunaev\\source\\repos\\GetRatePHP\\controllers\\AuthController.php:21\nStack trace:\n#0 C:\\Users\\ADunaev\\source\\repos\\GetRatePHP\\controllers\\ApiController.php(10): AuthController->do_get()\n#1 C:\\Users\\ADunaev\\source\\repos\\GetRatePHP\\access_manager.php(76): ApiController->serve()\n#2 {main}\n  thrown in C:\\Users\\ADunaev\\source\\repos\\GetRatePHP\\controllers\\AuthController.php on line 21, referer: http://get-rate.loc/
[Wed Feb 21 21:16:20.054466 2024] [php:error] [pid 20112:tid 1884] [client ::1:53770] PHP Fatal error:  Uncaught Error: Cannot use object of type PDOStatement as array in C:\\Users\\ADunaev\\source\\repos\\GetRatePHP\\controllers\\AuthController.php:23\nStack trace:\n#0 C:\\Users\\ADunaev\\source\\repos\\GetRatePHP\\controllers\\ApiController.php(10): AuthController->do_get()\n#1 C:\\Users\\ADunaev\\source\\repos\\GetRatePHP\\access_manager.php(76): ApiController->serve()\n#2 {main}\n  thrown in C:\\Users\\ADunaev\\source\\repos\\GetRatePHP\\controllers\\AuthController.php on line 23, referer: http://get-rate.loc/signup
[Wed Feb 21 21:16:57.712497 2024] [php:error] [pid 20112:tid 1916] [client ::1:53790] PHP Fatal error:  Uncaught Error: Cannot use object of type PDOStatement as array in C:\\Users\\ADunaev\\source\\repos\\GetRatePHP\\controllers\\AuthController.php:23\nStack trace:\n#0 C:\\Users\\ADunaev\\source\\repos\\GetRatePHP\\controllers\\ApiController.php(10): AuthController->do_get()\n#1 C:\\Users\\ADunaev\\source\\repos\\GetRatePHP\\access_manager.php(76): ApiController->serve()\n#2 {main}\n  thrown in C:\\Users\\ADunaev\\source\\repos\\GetRatePHP\\controllers\\AuthController.php on line 23, referer: http://get-rate.loc/signup
[Wed Feb 21 21:31:12.589624 2024] [php:warn] [pid 20112:tid 1916] [client ::1:54278] PHP Warning:  Array to string conversion in C:\\Users\\ADunaev\\source\\repos\\GetRatePHP\\controllers\\AuthController.php on line 25, referer: http://get-rate.loc/signup
[Wed Feb 21 21:32:28.502084 2024] [php:warn] [pid 20112:tid 1916] [client ::1:54335] PHP Warning:  Undefined array key 0 in C:\\Users\\ADunaev\\source\\repos\\GetRatePHP\\controllers\\AuthController.php on line 25, referer: http://get-rate.loc/signup
[Wed Feb 21 21:32:28.502084 2024] [php:warn] [pid 20112:tid 1916] [client ::1:54335] PHP Warning:  Trying to access array offset on value of type null in C:\\Users\\ADunaev\\source\\repos\\GetRatePHP\\controllers\\AuthController.php on line 25, referer: http://get-rate.loc/signup
[Wed Feb 21 21:35:42.876071 2024] [php:warn] [pid 20112:tid 1884] [client ::1:54464] PHP Warning:  Undefined array key 0 in C:\\Users\\ADunaev\\source\\repos\\GetRatePHP\\controllers\\AuthController.php on line 25, referer: http://get-rate.loc/signup
[Wed Feb 21 21:35:42.876071 2024] [php:warn] [pid 20112:tid 1884] [client ::1:54464] PHP Warning:  Trying to access array offset on value of type null in C:\\Users\\ADunaev\\source\\repos\\GetRatePHP\\controllers\\AuthController.php on line 25, referer: http://get-rate.loc/signup
[Wed Feb 21 22:19:14.004882 2024] [php:warn] [pid 20112:tid 1916] [client ::1:63964] PHP Warning:  Undefined array key 0 in C:\\Users\\ADunaev\\source\\repos\\GetRatePHP\\controllers\\AuthController.php on line 26, referer: http://get-rate.loc/signup
[Wed Feb 21 22:19:14.011586 2024] [php:warn] [pid 20112:tid 1916] [client ::1:63964] PHP Warning:  Trying to access array offset on value of type null in C:\\Users\\ADunaev\\source\\repos\\GetRatePHP\\controllers\\AuthController.php on line 26, referer: http://get-rate.loc/signup
[Wed Feb 21 22:20:09.135457 2024] [php:error] [pid 20112:tid 1824] [client ::1:64001] PHP Fatal error:  Uncaught Error: Call to undefined function is_exist() in C:\\Users\\ADunaev\\source\\repos\\GetRatePHP\\controllers\\AuthController.php:26\nStack trace:\n#0 C:\\Users\\ADunaev\\source\\repos\\GetRatePHP\\controllers\\ApiController.php(10): AuthController->do_get()\n#1 C:\\Users\\ADunaev\\source\\repos\\GetRatePHP\\access_manager.php(76): ApiController->serve()\n#2 {main}\n  thrown in C:\\Users\\ADunaev\\source\\repos\\GetRatePHP\\controllers\\AuthController.php on line 26, referer: http://get-rate.loc/signup
[Wed Feb 21 22:20:41.796855 2024] [php:error] [pid 20112:tid 1824] [client ::1:64022] PHP Fatal error:  Uncaught Error: Call to undefined function if_exist() in C:\\Users\\ADunaev\\source\\repos\\GetRatePHP\\controllers\\AuthController.php:26\nStack trace:\n#0 C:\\Users\\ADunaev\\source\\repos\\GetRatePHP\\controllers\\ApiController.php(10): AuthController->do_get()\n#1 C:\\Users\\ADunaev\\source\\repos\\GetRatePHP\\access_manager.php(76): ApiController->serve()\n#2 {main}\n  thrown in C:\\Users\\ADunaev\\source\\repos\\GetRatePHP\\controllers\\AuthController.php on line 26, referer: http://get-rate.loc/signup
[Wed Feb 21 22:22:07.337818 2024] [php:error] [pid 20112:tid 1916] [client ::1:64071] PHP Fatal error:  Uncaught Error: Undefined constant "length" in C:\\Users\\ADunaev\\source\\repos\\GetRatePHP\\controllers\\AuthController.php:26\nStack trace:\n#0 C:\\Users\\ADunaev\\source\\repos\\GetRatePHP\\controllers\\ApiController.php(10): AuthController->do_get()\n#1 C:\\Users\\ADunaev\\source\\repos\\GetRatePHP\\access_manager.php(76): ApiController->serve()\n#2 {main}\n  thrown in C:\\Users\\ADunaev\\source\\repos\\GetRatePHP\\controllers\\AuthController.php on line 26, referer: http://get-rate.loc/signup
[Wed Feb 21 22:30:31.248374 2024] [php:error] [pid 20112:tid 1824] [client ::1:64570] PHP Fatal error:  Uncaught Error: Undefined constant "length" in C:\\Users\\ADunaev\\source\\repos\\GetRatePHP\\controllers\\AuthController.php:26\nStack trace:\n#0 C:\\Users\\ADunaev\\source\\repos\\GetRatePHP\\controllers\\ApiController.php(10): AuthController->do_get()\n#1 C:\\Users\\ADunaev\\source\\repos\\GetRatePHP\\access_manager.php(76): ApiController->serve()\n#2 {main}\n  thrown in C:\\Users\\ADunaev\\source\\repos\\GetRatePHP\\controllers\\AuthController.php on line 26, referer: http://get-rate.loc/signup
[Wed Feb 21 23:27:11.194637 2024] [php:error] [pid 20112:tid 1928] [client ::1:51937] PHP Parse error:  syntax error, unexpected token "<" in C:\\Users\\ADunaev\\source\\repos\\GetRatePHP\\_layout.php on line 34, referer: http://get-rate.loc/
[Wed Feb 21 23:30:17.006383 2024] [php:error] [pid 20112:tid 1928] [client ::1:52320] PHP Parse error:  Unclosed '{' on line 33 in C:\\Users\\ADunaev\\source\\repos\\GetRatePHP\\_layout.php on line 127, referer: http://get-rate.loc/
[Wed Feb 21 23:30:18.574004 2024] [php:error] [pid 20112:tid 1928] [client ::1:52326] PHP Parse error:  Unclosed '{' on line 33 in C:\\Users\\ADunaev\\source\\repos\\GetRatePHP\\_layout.php on line 127, referer: http://get-rate.loc/
[Wed Feb 21 23:31:01.142332 2024] [php:error] [pid 20112:tid 1916] [client ::1:52352] PHP Parse error:  Unclosed '{' on line 33 in C:\\Users\\ADunaev\\source\\repos\\GetRatePHP\\_layout.php on line 127, referer: http://get-rate.loc/
[Wed Feb 21 23:31:05.388604 2024] [php:error] [pid 20112:tid 1916] [client ::1:52352] PHP Parse error:  Unclosed '{' on line 33 in C:\\Users\\ADunaev\\source\\repos\\GetRatePHP\\_layout.php on line 127, referer: http://get-rate.loc/
[Wed Feb 21 23:32:25.239703 2024] [php:error] [pid 20112:tid 1916] [client ::1:52412] PHP Parse error:  Unclosed '{' on line 33 in C:\\Users\\ADunaev\\source\\repos\\GetRatePHP\\_layout.php on line 127, referer: http://get-rate.loc/
[Wed Feb 21 23:32:26.168650 2024] [php:error] [pid 20112:tid 1916] [client ::1:52412] PHP Parse error:  Unclosed '{' on line 33 in C:\\Users\\ADunaev\\source\\repos\\GetRatePHP\\_layout.php on line 127, referer: http://get-rate.loc/
[Wed Feb 21 23:33:01.279298 2024] [php:error] [pid 20112:tid 1928] [client ::1:52413] PHP Parse error:  Unclosed '{' on line 33 in C:\\Users\\ADunaev\\source\\repos\\GetRatePHP\\_layout.php on line 126, referer: http://get-rate.loc/
[Wed Feb 21 23:33:02.186558 2024] [php:error] [pid 20112:tid 1928] [client ::1:52413] PHP Parse error:  Unclosed '{' on line 33 in C:\\Users\\ADunaev\\source\\repos\\GetRatePHP\\_layout.php on line 126, referer: http://get-rate.loc/
[Wed Feb 21 23:33:05.515937 2024] [php:error] [pid 20112:tid 1928] [client ::1:52413] PHP Parse error:  Unclosed '{' on line 33 in C:\\Users\\ADunaev\\source\\repos\\GetRatePHP\\_layout.php on line 126, referer: http://get-rate.loc/signup
[Wed Feb 21 23:34:29.687356 2024] [php:error] [pid 20112:tid 1916] [client ::1:52500] PHP Parse error:  Unclosed '{' on line 33 in C:\\Users\\ADunaev\\source\\repos\\GetRatePHP\\_layout.php on line 127, referer: http://get-rate.loc/
[Wed Feb 21 23:34:30.611852 2024] [php:error] [pid 20112:tid 1916] [client ::1:52500] PHP Parse error:  Unclosed '{' on line 33 in C:\\Users\\ADunaev\\source\\repos\\GetRatePHP\\_layout.php on line 127, referer: http://get-rate.loc/
[Wed Feb 21 23:40:13.234327 2024] [php:warn] [pid 20112:tid 1928] [client ::1:52805] PHP Warning:  Undefined global variable $_SESSION in C:\\Users\\ADunaev\\source\\repos\\GetRatePHP\\_layout.php on line 29, referer: http://get-rate.loc/
[Wed Feb 21 23:40:13.234327 2024] [php:warn] [pid 20112:tid 1928] [client ::1:52805] PHP Warning:  Trying to access array offset on value of type null in C:\\Users\\ADunaev\\source\\repos\\GetRatePHP\\_layout.php on line 29, referer: http://get-rate.loc/
[Wed Feb 21 23:40:39.090597 2024] [php:warn] [pid 20112:tid 1916] [client ::1:52831] PHP Warning:  Undefined global variable $_SESSION in C:\\Users\\ADunaev\\source\\repos\\GetRatePHP\\_layout.php on line 29, referer: http://get-rate.loc/
[Wed Feb 21 23:40:39.097077 2024] [php:warn] [pid 20112:tid 1916] [client ::1:52831] PHP Warning:  Trying to access array offset on value of type null in C:\\Users\\ADunaev\\source\\repos\\GetRatePHP\\_layout.php on line 29, referer: http://get-rate.loc/
[Wed Feb 21 23:40:43.011214 2024] [php:warn] [pid 20112:tid 1928] [client ::1:52832] PHP Warning:  Undefined global variable $_SESSION in C:\\Users\\ADunaev\\source\\repos\\GetRatePHP\\_layout.php on line 29, referer: http://get-rate.loc/signup
[Wed Feb 21 23:40:43.011214 2024] [php:warn] [pid 20112:tid 1928] [client ::1:52832] PHP Warning:  Trying to access array offset on value of type null in C:\\Users\\ADunaev\\source\\repos\\GetRatePHP\\_layout.php on line 29, referer: http://get-rate.loc/signup
[Wed Feb 21 23:40:45.175259 2024] [php:warn] [pid 20112:tid 1916] [client ::1:52831] PHP Warning:  Undefined global variable $_SESSION in C:\\Users\\ADunaev\\source\\repos\\GetRatePHP\\_layout.php on line 29, referer: http://get-rate.loc/
[Wed Feb 21 23:40:45.175259 2024] [php:warn] [pid 20112:tid 1916] [client ::1:52831] PHP Warning:  Trying to access array offset on value of type null in C:\\Users\\ADunaev\\source\\repos\\GetRatePHP\\_layout.php on line 29, referer: http://get-rate.loc/
[Wed Feb 21 23:41:39.265112 2024] [php:warn] [pid 20112:tid 1928] [client ::1:52868] PHP Warning:  Undefined global variable $_SESSION in C:\\Users\\ADunaev\\source\\repos\\GetRatePHP\\_layout.php on line 29, referer: http://get-rate.loc/
[Wed Feb 21 23:41:39.265112 2024] [php:warn] [pid 20112:tid 1928] [client ::1:52868] PHP Warning:  Trying to access array offset on value of type null in C:\\Users\\ADunaev\\source\\repos\\GetRatePHP\\_layout.php on line 29, referer: http://get-rate.loc/
[Wed Feb 21 23:41:51.578382 2024] [php:warn] [pid 20112:tid 1916] [client ::1:52880] PHP Warning:  Undefined global variable $_SESSION in C:\\Users\\ADunaev\\source\\repos\\GetRatePHP\\_layout.php on line 29, referer: http://get-rate.loc/
[Wed Feb 21 23:41:51.578382 2024] [php:warn] [pid 20112:tid 1916] [client ::1:52880] PHP Warning:  Trying to access array offset on value of type null in C:\\Users\\ADunaev\\source\\repos\\GetRatePHP\\_layout.php on line 29, referer: http://get-rate.loc/
[Wed Feb 21 23:42:36.355562 2024] [php:warn] [pid 20112:tid 1928] [client ::1:52910] PHP Warning:  Undefined global variable $_SESSION in C:\\Users\\ADunaev\\source\\repos\\GetRatePHP\\_layout.php on line 29, referer: http://get-rate.loc/
[Wed Feb 21 23:42:36.355562 2024] [php:warn] [pid 20112:tid 1928] [client ::1:52910] PHP Warning:  Trying to access array offset on value of type null in C:\\Users\\ADunaev\\source\\repos\\GetRatePHP\\_layout.php on line 29, referer: http://get-rate.loc/
[Wed Feb 21 23:42:59.805061 2024] [php:warn] [pid 20112:tid 1916] [client ::1:52929] PHP Warning:  Undefined global variable $_SESSION in C:\\Users\\ADunaev\\source\\repos\\GetRatePHP\\_layout.php on line 29, referer: http://get-rate.loc/
[Wed Feb 21 23:42:59.805061 2024] [php:warn] [pid 20112:tid 1916] [client ::1:52929] PHP Warning:  Trying to access array offset on value of type null in C:\\Users\\ADunaev\\source\\repos\\GetRatePHP\\_layout.php on line 29, referer: http://get-rate.loc/
[Wed Feb 21 23:44:56.453962 2024] [php:error] [pid 20112:tid 1928] [client ::1:53005] PHP Parse error:  syntax error, unexpected token "endif", expecting end of file in C:\\Users\\ADunaev\\source\\repos\\GetRatePHP\\_layout.php on line 33, referer: http://get-rate.loc/
[Wed Feb 21 23:45:13.666009 2024] [php:warn] [pid 20112:tid 1928] [client ::1:53019] PHP Warning:  Undefined global variable $_SESSION in C:\\Users\\ADunaev\\source\\repos\\GetRatePHP\\_layout.php on line 29, referer: http://get-rate.loc/
[Wed Feb 21 23:45:13.666009 2024] [php:warn] [pid 20112:tid 1928] [client ::1:53019] PHP Warning:  Trying to access array offset on value of type null in C:\\Users\\ADunaev\\source\\repos\\GetRatePHP\\_layout.php on line 29, referer: http://get-rate.loc/
[Wed Feb 21 23:52:17.501452 2024] [php:error] [pid 20112:tid 1916] [client ::1:54368] PHP Parse error:  syntax error, unexpected end of file, expecting "elseif" or "else" or "endif" in C:\\Users\\ADunaev\\source\\repos\\GetRatePHP\\_layout.php on line 125, referer: http://get-rate.loc/
[Wed Feb 21 23:53:19.779824 2024] [php:warn] [pid 20112:tid 1928] [client ::1:54434] PHP Warning:  Undefined global variable $_SESSION in C:\\Users\\ADunaev\\source\\repos\\GetRatePHP\\_layout.php on line 29, referer: http://get-rate.loc/
[Wed Feb 21 23:53:19.780824 2024] [php:warn] [pid 20112:tid 1928] [client ::1:54434] PHP Warning:  Trying to access array offset on value of type null in C:\\Users\\ADunaev\\source\\repos\\GetRatePHP\\_layout.php on line 29, referer: http://get-rate.loc/
[Thu Feb 22 00:08:08.139113 2024] [php:warn] [pid 20112:tid 1928] [client ::1:55663] PHP Warning:  Undefined variable $auth_result in C:\\Users\\ADunaev\\source\\repos\\GetRatePHP\\_layout.php on line 29, referer: http://get-rate.loc/request
[Thu Feb 22 00:08:08.139113 2024] [php:warn] [pid 20112:tid 1928] [client ::1:55663] PHP Warning:  Trying to access array offset on value of type null in C:\\Users\\ADunaev\\source\\repos\\GetRatePHP\\_layout.php on line 29, referer: http://get-rate.loc/request
[Fri Feb 23 10:07:28.645662 2024] [php:warn] [pid 20112:tid 1712] [client ::1:49171] PHP Warning:  Cannot modify header information - headers already sent by (output started at C:\\Users\\ADunaev\\source\\repos\\GetRatePHP\\_layout.php:31) in C:\\Users\\ADunaev\\source\\repos\\GetRatePHP\\_layout.php on line 94, referer: http://get-rate.loc/
[Fri Feb 23 10:07:28.647166 2024] [php:warn] [pid 20112:tid 1712] [client ::1:49171] PHP Warning:  Cannot modify header information - headers already sent by (output started at C:\\Users\\ADunaev\\source\\repos\\GetRatePHP\\_layout.php:31) in C:\\Users\\ADunaev\\source\\repos\\GetRatePHP\\_layout.php on line 95, referer: http://get-rate.loc/
[Fri Feb 23 10:54:02.286815 2024] [php:warn] [pid 20112:tid 1712] [client ::1:51012] PHP Warning:  Undefined array key "PHP_AUTH_USER" in C:\\Users\\ADunaev\\source\\repos\\GetRatePHP\\controllers\\AuthController.php on line 49, referer: http://get-rate.loc/
[Fri Feb 23 16:11:45.192757 2024] [php:warn] [pid 20112:tid 1928] [client ::1:56794] PHP Warning:  Undefined array key "user-name" in C:\\Users\\ADunaev\\source\\repos\\GetRatePHP\\_layout.php on line 29, referer: http://get-rate.loc/
[Fri Feb 23 16:11:49.620175 2024] [php:warn] [pid 20112:tid 1916] [client ::1:56795] PHP Warning:  Undefined array key "user-name" in C:\\Users\\ADunaev\\source\\repos\\GetRatePHP\\_layout.php on line 29, referer: http://get-rate.loc/
[Fri Feb 23 16:11:51.103223 2024] [php:warn] [pid 20112:tid 1928] [client ::1:56812] PHP Warning:  Undefined array key "user-name" in C:\\Users\\ADunaev\\source\\repos\\GetRatePHP\\_layout.php on line 29, referer: http://get-rate.loc/
[Fri Feb 23 16:11:52.706431 2024] [php:warn] [pid 20112:tid 1916] [client ::1:56813] PHP Warning:  Undefined array key "user-name" in C:\\Users\\ADunaev\\source\\repos\\GetRatePHP\\_layout.php on line 29, referer: http://get-rate.loc/request
[Fri Feb 23 16:11:53.799217 2024] [php:warn] [pid 20112:tid 1928] [client ::1:56812] PHP Warning:  Undefined array key "user-name" in C:\\Users\\ADunaev\\source\\repos\\GetRatePHP\\_layout.php on line 29, referer: http://get-rate.loc/
[Fri Feb 23 16:12:32.356332 2024] [php:warn] [pid 20112:tid 1916] [client ::1:56840] PHP Warning:  Undefined array key "user-name" in C:\\Users\\ADunaev\\source\\repos\\GetRatePHP\\_layout.php on line 29, referer: http://get-rate.loc/request
[Fri Feb 23 16:13:05.766455 2024] [php:warn] [pid 20112:tid 1928] [client ::1:56900] PHP Warning:  Undefined array key "user-name" in C:\\Users\\ADunaev\\source\\repos\\GetRatePHP\\_layout.php on line 29, referer: http://get-rate.loc/request
[Fri Feb 23 16:13:06.760026 2024] [php:warn] [pid 20112:tid 1916] [client ::1:56901] PHP Warning:  Undefined array key "user-name" in C:\\Users\\ADunaev\\source\\repos\\GetRatePHP\\_layout.php on line 29, referer: http://get-rate.loc/request
[Fri Feb 23 16:13:07.415123 2024] [php:warn] [pid 20112:tid 1928] [client ::1:56900] PHP Warning:  Undefined array key "user-name" in C:\\Users\\ADunaev\\source\\repos\\GetRatePHP\\_layout.php on line 29, referer: http://get-rate.loc/request
[Fri Feb 23 16:13:07.633955 2024] [php:warn] [pid 20112:tid 1916] [client ::1:56901] PHP Warning:  Undefined array key "user-name" in C:\\Users\\ADunaev\\source\\repos\\GetRatePHP\\_layout.php on line 29, referer: http://get-rate.loc/request
[Fri Feb 23 16:14:02.931966 2024] [php:warn] [pid 20112:tid 1916] [client ::1:56940] PHP Warning:  Undefined array key "user-name" in C:\\Users\\ADunaev\\source\\repos\\GetRatePHP\\_layout.php on line 30, referer: http://get-rate.loc/request
[Fri Feb 23 16:14:19.051344 2024] [php:warn] [pid 20112:tid 1928] [client ::1:56950] PHP Warning:  Undefined array key "user-name" in C:\\Users\\ADunaev\\source\\repos\\GetRatePHP\\_layout.php on line 30, referer: http://get-rate.loc/
[Fri Feb 23 16:14:20.044583 2024] [php:warn] [pid 20112:tid 1916] [client ::1:56957] PHP Warning:  Undefined array key "user-name" in C:\\Users\\ADunaev\\source\\repos\\GetRatePHP\\_layout.php on line 30, referer: http://get-rate.loc/
[Fri Feb 23 16:14:22.659579 2024] [php:warn] [pid 20112:tid 1928] [client ::1:56950] PHP Warning:  Undefined array key "user-name" in C:\\Users\\ADunaev\\source\\repos\\GetRatePHP\\_layout.php on line 30, referer: http://get-rate.loc/
[Fri Feb 23 16:14:25.723441 2024] [php:warn] [pid 20112:tid 1916] [client ::1:56957] PHP Warning:  Undefined array key "user-name" in C:\\Users\\ADunaev\\source\\repos\\GetRatePHP\\_layout.php on line 30, referer: http://get-rate.loc/request
[Fri Feb 23 16:14:42.319043 2024] [php:warn] [pid 20112:tid 1916] [client ::1:56972] PHP Warning:  Undefined array key "user-name" in C:\\Users\\ADunaev\\source\\repos\\GetRatePHP\\_layout.php on line 30, referer: http://get-rate.loc/request
[Fri Feb 23 16:14:57.600925 2024] [php:warn] [pid 20112:tid 1928] [client ::1:56981] PHP Warning:  Undefined array key "user-name" in C:\\Users\\ADunaev\\source\\repos\\GetRatePHP\\_layout.php on line 30, referer: http://get-rate.loc/
[Fri Feb 23 16:15:36.517328 2024] [php:warn] [pid 20112:tid 1916] [client ::1:57014] PHP Warning:  Undefined array key "user-name" in C:\\Users\\ADunaev\\source\\repos\\GetRatePHP\\_layout.php on line 30, referer: http://get-rate.loc/
[Fri Feb 23 16:16:05.887392 2024] [php:warn] [pid 20112:tid 1928] [client ::1:57043] PHP Warning:  Undefined array key "user-name" in C:\\Users\\ADunaev\\source\\repos\\GetRatePHP\\_layout.php on line 30, referer: http://get-rate.loc/
[Fri Feb 23 16:16:19.205047 2024] [php:warn] [pid 20112:tid 1916] [client ::1:57056] PHP Warning:  Undefined array key "user-name" in C:\\Users\\ADunaev\\source\\repos\\GetRatePHP\\_layout.php on line 30, referer: http://get-rate.loc/
[Fri Feb 23 16:20:45.396230 2024] [php:warn] [pid 20112:tid 1928] [client ::1:57853] PHP Warning:  Undefined array key "user-name" in C:\\Users\\ADunaev\\source\\repos\\GetRatePHP\\_layout.php on line 30, referer: http://get-rate.loc/
[Fri Feb 23 16:21:06.851956 2024] [php:warn] [pid 20112:tid 1916] [client ::1:57878] PHP Warning:  Undefined array key "user-name" in C:\\Users\\ADunaev\\source\\repos\\GetRatePHP\\_layout.php on line 30, referer: http://get-rate.loc/
[Fri Feb 23 16:31:27.325457 2024] [php:warn] [pid 20112:tid 1916] [client ::1:55137] PHP Warning:  Undefined array key "user-name" in C:\\Users\\ADunaev\\source\\repos\\GetRatePHP\\_layout.php on line 30
[Fri Feb 23 16:31:31.250279 2024] [php:warn] [pid 20112:tid 1928] [client ::1:55138] PHP Warning:  Undefined array key "user-name" in C:\\Users\\ADunaev\\source\\repos\\GetRatePHP\\_layout.php on line 30
[Fri Feb 23 16:31:52.895047 2024] [php:warn] [pid 20112:tid 1928] [client ::1:55155] PHP Warning:  Undefined array key "user-name" in C:\\Users\\ADunaev\\source\\repos\\GetRatePHP\\_layout.php on line 30, referer: http://get-rate.loc/
[Fri Feb 23 16:32:33.240763 2024] [php:warn] [pid 20112:tid 1928] [client ::1:55196] PHP Warning:  Undefined array key "user-name" in C:\\Users\\ADunaev\\source\\repos\\GetRatePHP\\_layout.php on line 30, referer: http://get-rate.loc/
[Fri Feb 23 16:34:11.971712 2024] [php:warn] [pid 20112:tid 1916] [client ::1:55260] PHP Warning:  Undefined array key "user-name" in C:\\Users\\ADunaev\\source\\repos\\GetRatePHP\\_layout.php on line 30, referer: http://get-rate.loc/
[Fri Feb 23 16:34:13.138466 2024] [php:warn] [pid 20112:tid 1928] [client ::1:55261] PHP Warning:  Undefined array key "user-name" in C:\\Users\\ADunaev\\source\\repos\\GetRatePHP\\_layout.php on line 30, referer: http://get-rate.loc/
[Fri Feb 23 16:34:15.673093 2024] [php:warn] [pid 20112:tid 1916] [client ::1:55260] PHP Warning:  Undefined array key "user-name" in C:\\Users\\ADunaev\\source\\repos\\GetRatePHP\\_layout.php on line 30, referer: http://get-rate.loc/
[Fri Feb 23 16:34:33.632876 2024] [php:warn] [pid 20112:tid 1928] [client ::1:55283] PHP Warning:  Undefined array key "user-name" in C:\\Users\\ADunaev\\source\\repos\\GetRatePHP\\_layout.php on line 30, referer: http://get-rate.loc/message
[Fri Feb 23 16:34:38.068948 2024] [php:warn] [pid 20112:tid 1916] [client ::1:55292] PHP Warning:  Undefined array key "user-name" in C:\\Users\\ADunaev\\source\\repos\\GetRatePHP\\_layout.php on line 30, referer: http://get-rate.loc/message
[Fri Feb 23 20:11:27.091059 2024] [php:warn] [pid 20112:tid 1904] [client ::1:55096] PHP Warning:  Undefined global variable $_SESSION in C:\\Users\\ADunaev\\source\\repos\\GetRatePHP\\_layout.php on line 91, referer: http://get-rate.loc/message
[Fri Feb 23 20:11:27.094625 2024] [php:error] [pid 20112:tid 1904] [client ::1:55096] PHP Fatal error:  Uncaught Error: Value of type null is not callable in C:\\Users\\ADunaev\\source\\repos\\GetRatePHP\\_layout.php:91\nStack trace:\n#0 C:\\Users\\ADunaev\\source\\repos\\GetRatePHP\\access_manager.php(66): include()\n#1 {main}\n  thrown in C:\\Users\\ADunaev\\source\\repos\\GetRatePHP\\_layout.php on line 91, referer: http://get-rate.loc/message
[Fri Feb 23 20:12:55.678854 2024] [php:warn] [pid 20112:tid 1912] [client ::1:55212] PHP Warning:  Undefined global variable $_SESSION in C:\\Users\\ADunaev\\source\\repos\\GetRatePHP\\_layout.php on line 92, referer: http://get-rate.loc/message
[Fri Feb 23 20:12:55.678854 2024] [php:warn] [pid 20112:tid 1912] [client ::1:55212] PHP Warning:  Trying to access array offset on value of type null in C:\\Users\\ADunaev\\source\\repos\\GetRatePHP\\_layout.php on line 92, referer: http://get-rate.loc/message
[Fri Feb 23 20:13:24.345012 2024] [php:error] [pid 20112:tid 1912] [client ::1:55230] PHP Fatal error:  Uncaught Error: Call to undefined function is_set() in C:\\Users\\ADunaev\\source\\repos\\GetRatePHP\\_layout.php:92\nStack trace:\n#0 C:\\Users\\ADunaev\\source\\repos\\GetRatePHP\\access_manager.php(66): include()\n#1 {main}\n  thrown in C:\\Users\\ADunaev\\source\\repos\\GetRatePHP\\_layout.php on line 92, referer: http://get-rate.loc/message
[Fri Feb 23 21:32:12.336964 2024] [php:error] [pid 20112:tid 1904] [client ::1:56302] PHP Parse error:  syntax error, unexpected identifier "\xd1\x94" in C:\\Users\\ADunaev\\source\\repos\\GetRatePHP\\index.php on line 12, referer: http://get-rate.loc/
[Fri Feb 23 21:35:42.874855 2024] [php:error] [pid 20112:tid 1912] [client ::1:56607] PHP Parse error:  syntax error, unexpected token "<", expecting end of file in C:\\Users\\ADunaev\\source\\repos\\GetRatePHP\\index.php on line 16, referer: http://get-rate.loc/
[Fri Feb 23 21:54:35.831448 2024] [php:warn] [pid 20112:tid 1912] [client ::1:51410] PHP Warning:  session_start(): Session cannot be started after headers have already been sent in C:\\Users\\ADunaev\\source\\repos\\GetRatePHP\\message.php on line 6, referer: http://get-rate.loc/request
[Fri Feb 23 21:55:13.868640 2024] [php:warn] [pid 20112:tid 1912] [client ::1:51439] PHP Warning:  session_start(): Session cannot be started after headers have already been sent in C:\\Users\\ADunaev\\source\\repos\\GetRatePHP\\message.php on line 6, referer: http://get-rate.loc/
[Fri Feb 23 22:01:40.268592 2024] [php:warn] [pid 20112:tid 1904] [client ::1:51814] PHP Warning:  session_start(): Session cannot be started after headers have already been sent in C:\\Users\\ADunaev\\source\\repos\\GetRatePHP\\message.php on line 6, referer: http://get-rate.loc/
[Fri Feb 23 22:01:41.866679 2024] [php:warn] [pid 20112:tid 1912] [client ::1:51815] PHP Warning:  session_start(): Session cannot be started after headers have already been sent in C:\\Users\\ADunaev\\source\\repos\\GetRatePHP\\index.php on line 11, referer: http://get-rate.loc/message
[Fri Feb 23 22:01:41.866679 2024] [php:error] [pid 20112:tid 1912] [client ::1:51815] PHP Fatal error:  Uncaught Error: Undefined constant "SID" in C:\\Users\\ADunaev\\source\\repos\\GetRatePHP\\index.php:25\nStack trace:\n#0 C:\\Users\\ADunaev\\source\\repos\\GetRatePHP\\_layout.php(90): include()\n#1 C:\\Users\\ADunaev\\source\\repos\\GetRatePHP\\access_manager.php(66): include('C:\\\\Users\\\\ADunae...')\n#2 {main}\n  thrown in C:\\Users\\ADunaev\\source\\repos\\GetRatePHP\\index.php on line 25, referer: http://get-rate.loc/message
[Fri Feb 23 22:01:43.205224 2024] [php:warn] [pid 20112:tid 1912] [client ::1:51815] PHP Warning:  session_start(): Session cannot be started after headers have already been sent in C:\\Users\\ADunaev\\source\\repos\\GetRatePHP\\index.php on line 11, referer: http://get-rate.loc/message
[Fri Feb 23 22:01:43.205224 2024] [php:error] [pid 20112:tid 1912] [client ::1:51815] PHP Fatal error:  Uncaught Error: Undefined constant "SID" in C:\\Users\\ADunaev\\source\\repos\\GetRatePHP\\index.php:25\nStack trace:\n#0 C:\\Users\\ADunaev\\source\\repos\\GetRatePHP\\_layout.php(90): include()\n#1 C:\\Users\\ADunaev\\source\\repos\\GetRatePHP\\access_manager.php(66): include('C:\\\\Users\\\\ADunae...')\n#2 {main}\n  thrown in C:\\Users\\ADunaev\\source\\repos\\GetRatePHP\\index.php on line 25, referer: http://get-rate.loc/message
[Fri Feb 23 22:01:48.361513 2024] [php:warn] [pid 20112:tid 1912] [client ::1:51825] PHP Warning:  session_start(): Session cannot be started after headers have already been sent in C:\\Users\\ADunaev\\source\\repos\\GetRatePHP\\index.php on line 11, referer: http://get-rate.loc/message
[Fri Feb 23 22:01:48.361513 2024] [php:error] [pid 20112:tid 1912] [client ::1:51825] PHP Fatal error:  Uncaught Error: Undefined constant "SID" in C:\\Users\\ADunaev\\source\\repos\\GetRatePHP\\index.php:25\nStack trace:\n#0 C:\\Users\\ADunaev\\source\\repos\\GetRatePHP\\_layout.php(90): include()\n#1 C:\\Users\\ADunaev\\source\\repos\\GetRatePHP\\access_manager.php(66): include('C:\\\\Users\\\\ADunae...')\n#2 {main}\n  thrown in C:\\Users\\ADunaev\\source\\repos\\GetRatePHP\\index.php on line 25, referer: http://get-rate.loc/message
[Fri Feb 23 22:02:02.595380 2024] [php:warn] [pid 20112:tid 1904] [client ::1:51826] PHP Warning:  session_start(): Session cannot be started after headers have already been sent in C:\\Users\\ADunaev\\source\\repos\\GetRatePHP\\index.php on line 11
[Fri Feb 23 22:02:02.595380 2024] [php:error] [pid 20112:tid 1904] [client ::1:51826] PHP Fatal error:  Uncaught Error: Undefined constant "SID" in C:\\Users\\ADunaev\\source\\repos\\GetRatePHP\\index.php:25\nStack trace:\n#0 C:\\Users\\ADunaev\\source\\repos\\GetRatePHP\\_layout.php(90): include()\n#1 C:\\Users\\ADunaev\\source\\repos\\GetRatePHP\\access_manager.php(66): include('C:\\\\Users\\\\ADunae...')\n#2 {main}\n  thrown in C:\\Users\\ADunaev\\source\\repos\\GetRatePHP\\index.php on line 25
[Fri Feb 23 22:02:07.447868 2024] [php:warn] [pid 20112:tid 1904] [client ::1:51826] PHP Warning:  session_start(): Session cannot be started after headers have already been sent in C:\\Users\\ADunaev\\source\\repos\\GetRatePHP\\index.php on line 11
[Fri Feb 23 22:02:07.447868 2024] [php:error] [pid 20112:tid 1904] [client ::1:51826] PHP Fatal error:  Uncaught Error: Undefined constant "SID" in C:\\Users\\ADunaev\\source\\repos\\GetRatePHP\\index.php:25\nStack trace:\n#0 C:\\Users\\ADunaev\\source\\repos\\GetRatePHP\\_layout.php(90): include()\n#1 C:\\Users\\ADunaev\\source\\repos\\GetRatePHP\\access_manager.php(66): include('C:\\\\Users\\\\ADunae...')\n#2 {main}\n  thrown in C:\\Users\\ADunaev\\source\\repos\\GetRatePHP\\index.php on line 25
[Fri Feb 23 22:02:46.240319 2024] [php:warn] [pid 20112:tid 1912] [client ::1:51833] PHP Warning:  session_start(): Session cannot be started after headers have already been sent in C:\\Users\\ADunaev\\source\\repos\\GetRatePHP\\index.php on line 11
[Fri Feb 23 22:06:41.395912 2024] [php:warn] [pid 20112:tid 1904] [client ::1:52015] PHP Warning:  Undefined global variable $_SESSION in C:\\Users\\ADunaev\\source\\repos\\GetRatePHP\\message.php on line 7, referer: http://get-rate.loc/
[Fri Feb 23 22:06:41.395912 2024] [php:warn] [pid 20112:tid 1904] [client ::1:52015] PHP Warning:  Trying to access array offset on value of type null in C:\\Users\\ADunaev\\source\\repos\\GetRatePHP\\message.php on line 7, referer: http://get-rate.loc/
[Fri Feb 23 22:22:32.365979 2024] [php:error] [pid 20112:tid 1868] [client ::1:53701] PHP Parse error:  syntax error, unexpected identifier "id" in C:\\Users\\ADunaev\\source\\repos\\GetRatePHP\\controllers\\AuthController.php on line 54, referer: http://get-rate.loc/
[Fri Feb 23 22:23:38.328080 2024] [php:warn] [pid 20112:tid 1868] [client ::1:53747] PHP Warning:  Array to string conversion in C:\\Users\\ADunaev\\source\\repos\\GetRatePHP\\controllers\\AuthController.php on line 54, referer: http://get-rate.loc/
[Fri Feb 23 22:23:38.382985 2024] [php:warn] [pid 20112:tid 1868] [client ::1:53747] PHP Warning:  Array to string conversion in C:\\Users\\ADunaev\\source\\repos\\GetRatePHP\\controllers\\AuthController.php on line 55, referer: http://get-rate.loc/
[Fri Feb 23 22:24:47.509744 2024] [php:error] [pid 20112:tid 1868] [client ::1:53802] PHP Parse error:  syntax error, unexpected double-quote mark, expecting variable or "{" or "$" in C:\\Users\\ADunaev\\source\\repos\\GetRatePHP\\controllers\\AuthController.php on line 54, referer: http://get-rate.loc/
[Fri Feb 23 23:15:12.280241 2024] [php:warn] [pid 20112:tid 1868] [client ::1:55273] PHP Warning:  parse_ini_file(/config.ini): Failed to open stream: No such file or directory in C:\\Users\\ADunaev\\source\\repos\\GetRatePHP\\controllers\\ApiController.php on line 22, referer: http://get-rate.loc/
[Fri Feb 23 23:15:12.281248 2024] [php:warn] [pid 20112:tid 1868] [client ::1:55273] PHP Warning:  Trying to access array offset on value of type bool in C:\\Users\\ADunaev\\source\\repos\\GetRatePHP\\controllers\\ApiController.php on line 25, referer: http://get-rate.loc/
[Fri Feb 23 23:15:12.281248 2024] [php:warn] [pid 20112:tid 1868] [client ::1:55273] PHP Warning:  Trying to access array offset on value of type null in C:\\Users\\ADunaev\\source\\repos\\GetRatePHP\\controllers\\ApiController.php on line 25, referer: http://get-rate.loc/
[Fri Feb 23 23:15:12.281248 2024] [php:warn] [pid 20112:tid 1868] [client ::1:55273] PHP Warning:  Trying to access array offset on value of type bool in C:\\Users\\ADunaev\\source\\repos\\GetRatePHP\\controllers\\ApiController.php on line 26, referer: http://get-rate.loc/
[Fri Feb 23 23:15:12.281248 2024] [php:warn] [pid 20112:tid 1868] [client ::1:55273] PHP Warning:  Trying to access array offset on value of type null in C:\\Users\\ADunaev\\source\\repos\\GetRatePHP\\controllers\\ApiController.php on line 26, referer: http://get-rate.loc/
[Fri Feb 23 23:15:12.281248 2024] [php:warn] [pid 20112:tid 1868] [client ::1:55273] PHP Warning:  Trying to access array offset on value of type bool in C:\\Users\\ADunaev\\source\\repos\\GetRatePHP\\controllers\\ApiController.php on line 27, referer: http://get-rate.loc/
[Fri Feb 23 23:15:12.281248 2024] [php:warn] [pid 20112:tid 1868] [client ::1:55273] PHP Warning:  Trying to access array offset on value of type null in C:\\Users\\ADunaev\\source\\repos\\GetRatePHP\\controllers\\ApiController.php on line 27, referer: http://get-rate.loc/
[Fri Feb 23 23:27:55.831356 2024] [php:warn] [pid 20112:tid 1868] [client ::1:56053] PHP Warning:  session_set_save_handler(): Session save handler cannot be changed when a session is active in C:\\Users\\ADunaev\\source\\repos\\GetRatePHP\\controllers\\AuthController.php on line 55, referer: http://get-rate.loc/
[Fri Feb 23 23:27:55.831356 2024] [php:notice] [pid 20112:tid 1868] [client ::1:56053] PHP Notice:  session_start(): Ignoring session_start() because a session is already active in C:\\Users\\ADunaev\\source\\repos\\GetRatePHP\\controllers\\AuthController.php on line 56, referer: http://get-rate.loc/
[Fri Feb 23 23:28:42.307255 2024] [php:warn] [pid 20112:tid 1912] [client ::1:56096] PHP Warning:  session_write_close(): Failed to write session data using user defined save handler. (session.save_path: C:\\xampp\\tmp) in Unknown on line 0, referer: http://get-rate.loc/
[Fri Feb 23 23:34:04.383960 2024] [php:error] [pid 20112:tid 1868] [client ::1:56318] PHP Fatal error:  Uncaught Error: Call to undefined function open() in C:\\Users\\ADunaev\\source\\repos\\GetRatePHP\\controllers\\AuthController.php:55\nStack trace:\n#0 C:\\Users\\ADunaev\\source\\repos\\GetRatePHP\\controllers\\ApiController.php(10): AuthController->do_get()\n#1 C:\\Users\\ADunaev\\source\\repos\\GetRatePHP\\access_manager.php(76): ApiController->serve()\n#2 {main}\n  thrown in C:\\Users\\ADunaev\\source\\repos\\GetRatePHP\\controllers\\AuthController.php on line 55, referer: http://get-rate.loc/
[Fri Feb 23 23:35:53.866057 2024] [php:warn] [pid 20112:tid 1868] [client ::1:56414] PHP Warning:  mysqli::__construct(): php_network_getaddresses: getaddrinfo for mysql failed: No such host is known.  in C:\\Users\\ADunaev\\source\\repos\\GetRatePHP\\controllers\\MySQLSessionHandler.php on line 16, referer: http://get-rate.loc/
[Fri Feb 23 23:35:53.867318 2024] [php:error] [pid 20112:tid 1868] [client ::1:56414] PHP Fatal error:  Uncaught mysqli_sql_exception: php_network_getaddresses: getaddrinfo for mysql failed: No such host is known.  in C:\\Users\\ADunaev\\source\\repos\\GetRatePHP\\controllers\\MySQLSessionHandler.php:16\nStack trace:\n#0 C:\\Users\\ADunaev\\source\\repos\\GetRatePHP\\controllers\\MySQLSessionHandler.php(16): mysqli->__construct('mysql:host=127....', 'dunaewib_admin_...', 'Nik70509', 'dunaewib_getRat...')\n#1 C:\\Users\\ADunaev\\source\\repos\\GetRatePHP\\controllers\\AuthController.php(54): MySQLSessionHandler->__construct()\n#2 C:\\Users\\ADunaev\\source\\repos\\GetRatePHP\\controllers\\ApiController.php(10): AuthController->do_get()\n#3 C:\\Users\\ADunaev\\source\\repos\\GetRatePHP\\access_manager.php(76): ApiController->serve()\n#4 {main}\n  thrown in C:\\Users\\ADunaev\\source\\repos\\GetRatePHP\\controllers\\MySQLSessionHandler.php on line 16, referer: http://get-rate.loc/
[Fri Feb 23 23:39:16.996783 2024] [php:error] [pid 20112:tid 1912] [client ::1:56530] PHP Fatal error:  Uncaught Error: Call to undefined function open() in C:\\Users\\ADunaev\\source\\repos\\GetRatePHP\\controllers\\AuthController.php:55\nStack trace:\n#0 C:\\Users\\ADunaev\\source\\repos\\GetRatePHP\\controllers\\ApiController.php(10): AuthController->do_get()\n#1 C:\\Users\\ADunaev\\source\\repos\\GetRatePHP\\access_manager.php(76): ApiController->serve()\n#2 {main}\n  thrown in C:\\Users\\ADunaev\\source\\repos\\GetRatePHP\\controllers\\AuthController.php on line 55, referer: http://get-rate.loc/
[Fri Feb 23 23:40:00.858164 2024] [php:error] [pid 20112:tid 1868] [client ::1:56565] PHP Fatal error:  Uncaught Error: Call to undefined function open() in C:\\Users\\ADunaev\\source\\repos\\GetRatePHP\\controllers\\AuthController.php:55\nStack trace:\n#0 C:\\Users\\ADunaev\\source\\repos\\GetRatePHP\\controllers\\ApiController.php(10): AuthController->do_get()\n#1 C:\\Users\\ADunaev\\source\\repos\\GetRatePHP\\access_manager.php(76): ApiController->serve()\n#2 {main}\n  thrown in C:\\Users\\ADunaev\\source\\repos\\GetRatePHP\\controllers\\AuthController.php on line 55, referer: http://get-rate.loc/
[Fri Feb 23 23:41:32.820012 2024] [php:warn] [pid 20112:tid 1868] [client ::1:56620] PHP Warning:  session_write_close(): Failed to write session data using user defined save handler. (session.save_path: C:\\xampp\\tmp) in Unknown on line 0, referer: http://get-rate.loc/
[Fri Feb 23 23:56:10.329346 2024] [php:warn] [pid 36740:tid 1916] [client ::1:63972] PHP Warning:  session_write_close(): Failed to write session data using user defined save handler. (session.save_path: C:\\xampp\\tmp) in Unknown on line 0, referer: http://get-rate.loc/
[Fri Feb 23 23:59:46.528386 2024] [php:warn] [pid 36740:tid 1932] [client ::1:64161] PHP Warning:  session_write_close(): Failed to write session data using user defined save handler. (session.save_path: C:\\xampp\\tmp) in Unknown on line 0, referer: http://get-rate.loc/
[Sat Feb 24 00:01:01.447685 2024] [php:warn] [pid 36740:tid 1916] [client ::1:64216] PHP Warning:  session_write_close(): Failed to write session data using user defined save handler. (session.save_path: C:\\xampp\\tmp) in Unknown on line 0, referer: http://get-rate.loc/
[Sat Feb 24 00:12:25.703760 2024] [php:warn] [pid 36740:tid 1932] [client ::1:65046] PHP Warning:  session_write_close(): Failed to write session data using user defined save handler. (session.save_path: C:\\xampp\\tmp) in Unknown on line 0, referer: http://get-rate.loc/
[Sat Feb 24 00:24:48.406028 2024] [php:warn] [pid 31880:tid 1932] [client ::1:49711] PHP Warning:  session_write_close(): Failed to write session data using user defined save handler. (session.save_path: C:\\xampp\\tmp) in Unknown on line 0, referer: http://get-rate.loc/
[Sat Feb 24 00:28:14.927499 2024] [php:error] [pid 31880:tid 1940] [client ::1:49967] PHP Parse error:  syntax error, unexpected token "=>", expecting ")" in C:\\Users\\ADunaev\\source\\repos\\GetRatePHP\\controllers\\AuthController.php on line 58, referer: http://get-rate.loc/
[Sat Feb 24 00:28:51.305896 2024] [php:error] [pid 31880:tid 1932] [client ::1:49988] PHP Parse error:  syntax error, unexpected token "=>", expecting ")" in C:\\Users\\ADunaev\\source\\repos\\GetRatePHP\\controllers\\AuthController.php on line 58, referer: http://get-rate.loc/
[Sat Feb 24 00:37:23.667620 2024] [php:warn] [pid 31880:tid 1940] [client ::1:50416] PHP Warning:  session_write_close(): Failed to write session data using user defined save handler. (session.save_path: C:\\xampp\\tmp) in Unknown on line 0, referer: http://get-rate.loc/
[Sat Feb 24 00:48:22.392780 2024] [php:error] [pid 31880:tid 1932] [client ::1:51147] PHP Fatal error:  Uncaught Error: Call to undefined method PDOStatement::bind_param() in C:\\Users\\ADunaev\\source\\repos\\GetRatePHP\\controllers\\MySQLSessionHandler.php:34\nStack trace:\n#0 [internal function]: MySQLSessionHandler->read('NewId')\n#1 C:\\Users\\ADunaev\\source\\repos\\GetRatePHP\\controllers\\AuthController.php(57): session_start()\n#2 C:\\Users\\ADunaev\\source\\repos\\GetRatePHP\\controllers\\ApiController.php(10): AuthController->do_get()\n#3 C:\\Users\\ADunaev\\source\\repos\\GetRatePHP\\access_manager.php(76): ApiController->serve()\n#4 {main}\n  thrown in C:\\Users\\ADunaev\\source\\repos\\GetRatePHP\\controllers\\MySQLSessionHandler.php on line 34, referer: http://get-rate.loc/
[Sat Feb 24 00:51:34.307901 2024] [php:error] [pid 31880:tid 1932] [client ::1:54236] PHP Fatal error:  Uncaught Error: Call to undefined method MySQLSessionHandler::connect_db_or_exit() in C:\\Users\\ADunaev\\source\\repos\\GetRatePHP\\controllers\\MySQLSessionHandler.php:12\nStack trace:\n#0 C:\\Users\\ADunaev\\source\\repos\\GetRatePHP\\controllers\\AuthController.php(54): MySQLSessionHandler->__construct()\n#1 C:\\Users\\ADunaev\\source\\repos\\GetRatePHP\\controllers\\ApiController.php(10): AuthController->do_get()\n#2 C:\\Users\\ADunaev\\source\\repos\\GetRatePHP\\access_manager.php(76): ApiController->serve()\n#3 {main}\n  thrown in C:\\Users\\ADunaev\\source\\repos\\GetRatePHP\\controllers\\MySQLSessionHandler.php on line 12, referer: http://get-rate.loc/
[Sat Feb 24 00:52:27.877224 2024] [php:error] [pid 31880:tid 1940] [client ::1:54268] PHP Fatal error:  Uncaught Error: Call to undefined function connect_db_or_exit() in C:\\Users\\ADunaev\\source\\repos\\GetRatePHP\\controllers\\MySQLSessionHandler.php:12\nStack trace:\n#0 C:\\Users\\ADunaev\\source\\repos\\GetRatePHP\\controllers\\AuthController.php(54): MySQLSessionHandler->__construct()\n#1 C:\\Users\\ADunaev\\source\\repos\\GetRatePHP\\controllers\\ApiController.php(10): AuthController->do_get()\n#2 C:\\Users\\ADunaev\\source\\repos\\GetRatePHP\\access_manager.php(76): ApiController->serve()\n#3 {main}\n  thrown in C:\\Users\\ADunaev\\source\\repos\\GetRatePHP\\controllers\\MySQLSessionHandler.php on line 12, referer: http://get-rate.loc/
[Sat Feb 24 00:56:57.214517 2024] [php:warn] [pid 31880:tid 1932] [client ::1:54544] PHP Warning:  session_write_close(): Failed to write session data using user defined save handler. (session.save_path: C:\\xampp\\tmp) in Unknown on line 0, referer: http://get-rate.loc/
